<?xml version="1.0" encoding="UTF-8"?>
<!-- Generated by org.testng.reporters.JUnitReportReporter -->
<testsuite hostname="PCJoaco" failures="0" tests="1" name="com.jcurotto.AutomationDemo_test.tests.MLTests" time="11.849" errors="0" timestamp="27 ene. 2021 14:25:06 GMT" skipped="0">
  <testcase classname="com.jcurotto.AutomationDemo_test.tests.MLTests" name="searchTVByLessPrice" time="11.849"/>
</testsuite> <!-- com.jcurotto.AutomationDemo_test.tests.MLTests -->
