<?xml version="1.0" encoding="UTF-8"?>
<!-- Generated by org.testng.reporters.JUnitReportReporter -->
<testsuite hostname="PCJoaco" failures="0" tests="1" name="com.jcurotto.geoPagos_test.tests.MLTests" time="12.024" errors="0" timestamp="27 ene. 2021 14:17:37 GMT" skipped="0">
  <testcase classname="com.jcurotto.geoPagos_test.tests.MLTests" name="searchTVByLessPrice" time="12.024"/>
</testsuite> <!-- com.jcurotto.geoPagos_test.tests.MLTests -->
