<?xml version="1.0" encoding="UTF-8"?>
<!-- Generated by org.testng.reporters.JUnitReportReporter -->
<testsuite hostname="PCJoaco" failures="0" tests="1" name="com.jcurotto.geoPagos_test.tests.MLTests" time="17.391" errors="0" timestamp="17 ago. 2020 14:47:23 GMT" skipped="0">
  <testcase classname="com.jcurotto.geoPagos_test.tests.MLTests" name="searchAndGenerateTXTFileWithResults" time="17.391"/>
</testsuite> <!-- com.jcurotto.geoPagos_test.tests.MLTests -->
